Using pre-set license
Built from '2020.3/staging' branch; Version is '2020.3.14f1 (d0d1bb862f9d) revision 13685179'; Using compiler version '192528614'; Build Type 'Release'
OS: 'Windows 10 Home Single Language; OS build 16299.1087; Version 1709; 64bit' Language: 'tr' Physical Memory: 3981 MB
BatchMode: 1, IsHumanControllingUs: 0, StartBugReporterOnCrash: 0, Is64bit: 1, IsPro: 0

 COMMAND LINE ARGUMENTS:
C:\Program Files\Unity\Hub\Editor\2020.3.14f1\Editor\Unity.exe
-adb2
-batchMode
-noUpm
-name
AssetImportWorker12
-projectPath
C:/Game/Cvd-19/Cvd-19
-logFile
Logs/AssetImportWorker12.log
-srvPort
49783
Successfully changed project path to: C:/Game/Cvd-19/Cvd-19
C:/Game/Cvd-19/Cvd-19
Using Asset Import Pipeline V2.
Refreshing native plugins compatible for Editor in 123.42 ms, found 3 plugins.
Preloading 0 native plugins for Editor in 0.00 ms.
Initialize engine version: 2020.3.14f1 (d0d1bb862f9d)
[Subsystems] Discovering subsystems at path C:/Program Files/Unity/Hub/Editor/2020.3.14f1/Editor/Data/Resources/UnitySubsystems
[Subsystems] Discovering subsystems at path C:/Game/Cvd-19/Cvd-19/Assets
GfxDevice: creating device client; threaded=0
Direct3D:
    Version:  Direct3D 11.0 [level 11.1]
    Renderer: AMD Radeon(TM) R4 Graphics (ID=0x98e4)
    Vendor:   
    VRAM:     128 MB
    Driver:   22.19.180.513
Initialize mono
Mono path[0] = 'C:/Program Files/Unity/Hub/Editor/2020.3.14f1/Editor/Data/Managed'
Mono path[1] = 'C:/Program Files/Unity/Hub/Editor/2020.3.14f1/Editor/Data/MonoBleedingEdge/lib/mono/unityjit'
Mono config path = 'C:/Program Files/Unity/Hub/Editor/2020.3.14f1/Editor/Data/MonoBleedingEdge/etc'
Using monoOptions --debugger-agent=transport=dt_socket,embedding=1,server=y,suspend=n,address=127.0.0.1:56100
Begin MonoManager ReloadAssembly
Registering precompiled unity dll's ...
Register platform support module: C:/Program Files/Unity/Hub/Editor/2020.3.14f1/Editor/Data/PlaybackEngines/WindowsStandaloneSupport/UnityEditor.WindowsStandalone.Extensions.dll
Registered in 0.003022 seconds.
Native extension for WindowsStandalone target not found
Refreshing native plugins compatible for Editor in 82.08 ms, found 3 plugins.
Preloading 0 native plugins for Editor in 0.00 ms.
Mono: successfully reloaded assembly
- Completed reload, in  6.348 seconds
Domain Reload Profiling:
	ReloadAssembly (6349ms)
		BeginReloadAssembly (422ms)
			ExecutionOrderSort (0ms)
			DisableScriptedObjects (0ms)
			BackupInstance (0ms)
			ReleaseScriptingObjects (0ms)
			CreateAndSetChildDomain (3ms)
		EndReloadAssembly (1233ms)
			LoadAssemblies (416ms)
			RebuildTransferFunctionScriptingTraits (0ms)
			SetupTypeCache (376ms)
			ReleaseScriptCaches (0ms)
			RebuildScriptCaches (74ms)
			SetupLoadedEditorAssemblies (576ms)
				LogAssemblyErrors (0ms)
				InitializePlatformSupportModulesInManaged (10ms)
				SetLoadedEditorAssemblies (0ms)
				RefreshPlugins (82ms)
				BeforeProcessingInitializeOnLoad (49ms)
				ProcessInitializeOnLoadAttributes (345ms)
				ProcessInitializeOnLoadMethodAttributes (88ms)
				AfterProcessingInitializeOnLoad (0ms)
				EditorAssembliesLoaded (1ms)
			ExecutionOrderSort2 (0ms)
			AwakeInstancesAfterBackupRestoration (0ms)
Platform modules already initialized, skipping
Registering precompiled user dll's ...
Registered in 0.010705 seconds.
Unknown error occurred while loading 'Library/Artifacts/cb/cb5aed78f8254e7e49be2885af62d6fe'.

Begin MonoManager ReloadAssembly
Native extension for WindowsStandalone target not found
Refreshing native plugins compatible for Editor in 120.00 ms, found 3 plugins.
Preloading 0 native plugins for Editor in 0.00 ms.
Mono: successfully reloaded assembly
- Completed reload, in  6.285 seconds
Domain Reload Profiling:
	ReloadAssembly (6288ms)
		BeginReloadAssembly (426ms)
			ExecutionOrderSort (0ms)
			DisableScriptedObjects (17ms)
			BackupInstance (0ms)
			ReleaseScriptingObjects (0ms)
			CreateAndSetChildDomain (51ms)
		EndReloadAssembly (5675ms)
			LoadAssemblies (406ms)
			RebuildTransferFunctionScriptingTraits (0ms)
			SetupTypeCache (1013ms)
			ReleaseScriptCaches (1ms)
			RebuildScriptCaches (144ms)
			SetupLoadedEditorAssemblies (3674ms)
				LogAssemblyErrors (0ms)
				InitializePlatformSupportModulesInManaged (21ms)
				SetLoadedEditorAssemblies (1ms)
				RefreshPlugins (120ms)
				BeforeProcessingInitializeOnLoad (261ms)
				ProcessInitializeOnLoadAttributes (3223ms)
				ProcessInitializeOnLoadMethodAttributes (37ms)
				AfterProcessingInitializeOnLoad (12ms)
				EditorAssembliesLoaded (0ms)
			ExecutionOrderSort2 (0ms)
			AwakeInstancesAfterBackupRestoration (17ms)
Platform modules already initialized, skipping
========================================================================
Worker process is ready to serve import requests
Launched and connected shader compiler UnityShaderCompiler.exe after 1.74 seconds
Refreshing native plugins compatible for Editor in 1.32 ms, found 3 plugins.
Preloading 0 native plugins for Editor in 0.00 ms.
Unloading 2089 Unused Serialized files (Serialized files now loaded: 0)
System memory in use before: 93.3 MB.
System memory in use after: 93.3 MB.

Unloading 33 unused Assets to reduce memory usage. Loaded Objects now: 2523.
Total: 14.498297 ms (FindLiveObjects: 0.668489 ms CreateObjectMapping: 0.249914 ms MarkObjects: 13.223284 ms  DeleteObjects: 0.352916 ms)

AssetImportParameters requested are different than current active one (requested -> active):
  custom:framework-win-MediaFoundation: 216162199b28c13a410421893ffa2e32 -> 
  custom:video-decoder-ogg-theora: a1e56fd34408186e4bbccfd4996cb3dc -> 
  custom:container-muxer-webm: aa71ff27fc2769a1b78a27578f13a17b -> 
  custom:container-demuxer-webm: 4f35f7cbe854078d1ac9338744f61a02 -> 
  custom:container-demuxer-ogg: 62fdf1f143b41e24485cea50d1cbac27 -> 
  custom:video-encoder-webm-vp8: eb34c28f22e8b96e1ab97ce403110664 -> 
  custom:video-decoder-webm-vp8: 9c59270c3fd7afecdb556c50c9e8de78 -> 
  custom:audio-decoder-ogg-vorbis: bf7c407c2cedff20999df2af8eb42d56 -> 
  custom:audio-encoder-webm-vorbis: bf7c407c2cedff20999df2af8eb42d56 -> 
========================================================================
Received Import Request.
  path: Assets/Scenes/2.unity
  artifactKey: Guid(54557c4b0847cfb49a5fc7cbb6b9ad48) Importer(815301076,1909f56bfc062723c751e8b465ee728b)
Start importing Assets/Scenes/2.unity using Guid(54557c4b0847cfb49a5fc7cbb6b9ad48) Importer(815301076,1909f56bfc062723c751e8b465ee728b)  -> (artifact id: '7bbfa848aaf36507a1aeaf1a483cb174') in 0.069995 seconds 
  Import took 0.078186 seconds .

========================================================================
Received Import Request.
  Time since last request: 1.661045 seconds.
  path: Assets/Scenes/1.unity
  artifactKey: Guid(2cda990e2423bbf4892e6590ba056729) Importer(815301076,1909f56bfc062723c751e8b465ee728b)
Start importing Assets/Scenes/1.unity using Guid(2cda990e2423bbf4892e6590ba056729) Importer(815301076,1909f56bfc062723c751e8b465ee728b)  -> (artifact id: '523d36a1636db7c04ce68765334c558b') in 0.087882 seconds 
  Import took 0.103981 seconds .

========================================================================
Received Import Request.
  Time since last request: 15.222879 seconds.
  path: Assets/Scenes/2.unity
  artifactKey: Guid(54557c4b0847cfb49a5fc7cbb6b9ad48) Importer(815301076,1909f56bfc062723c751e8b465ee728b)
Start importing Assets/Scenes/2.unity using Guid(54557c4b0847cfb49a5fc7cbb6b9ad48) Importer(815301076,1909f56bfc062723c751e8b465ee728b)  -> (artifact id: 'ab0227dc412a3dad74f8481ebd65e9eb') in 0.019472 seconds 
  Import took 0.031639 seconds .

========================================================================
Received Import Request.
  Time since last request: 0.698615 seconds.
  path: Assets/Scenes/2 1.unity
  artifactKey: Guid(8af7d54cf79a1f5469cc201c12a16b30) Importer(815301076,1909f56bfc062723c751e8b465ee728b)
Start importing Assets/Scenes/2 1.unity using Guid(8af7d54cf79a1f5469cc201c12a16b30) Importer(815301076,1909f56bfc062723c751e8b465ee728b)  -> (artifact id: 'dfc8c2fb52a42169720c39ff8efcb4b0') in 0.067557 seconds 
  Import took 0.081856 seconds .

========================================================================
Received Import Request.
  Time since last request: 3.901352 seconds.
  path: Assets/Scenes/3.unity
  artifactKey: Guid(8af7d54cf79a1f5469cc201c12a16b30) Importer(815301076,1909f56bfc062723c751e8b465ee728b)
Start importing Assets/Scenes/3.unity using Guid(8af7d54cf79a1f5469cc201c12a16b30) Importer(815301076,1909f56bfc062723c751e8b465ee728b)  -> (artifact id: '5544811941d93f11c76d1c3a383ae301') in 0.041850 seconds 
  Import took 0.056376 seconds .

========================================================================
Received Import Request.
  Time since last request: 24.570292 seconds.
  path: Assets/Scenes/Levels.unity
  artifactKey: Guid(fcaf5fa78743fd8489e844fba8d43bbf) Importer(815301076,1909f56bfc062723c751e8b465ee728b)
Start importing Assets/Scenes/Levels.unity using Guid(fcaf5fa78743fd8489e844fba8d43bbf) Importer(815301076,1909f56bfc062723c751e8b465ee728b)  -> (artifact id: 'a920e92e15bb4a262d48e3899ebb621d') in 0.131341 seconds 
  Import took 0.140916 seconds .

========================================================================
Received Prepare
Registering precompiled user dll's ...
Registered in 0.074960 seconds.
Begin MonoManager ReloadAssembly
Native extension for WindowsStandalone target not found
Refreshing native plugins compatible for Editor in 1.05 ms, found 3 plugins.
Preloading 0 native plugins for Editor in 0.00 ms.
Mono: successfully reloaded assembly
- Completed reload, in  2.991 seconds
Domain Reload Profiling:
	ReloadAssembly (2992ms)
		BeginReloadAssembly (274ms)
			ExecutionOrderSort (0ms)
			DisableScriptedObjects (14ms)
			BackupInstance (0ms)
			ReleaseScriptingObjects (0ms)
			CreateAndSetChildDomain (88ms)
		EndReloadAssembly (2562ms)
			LoadAssemblies (262ms)
			RebuildTransferFunctionScriptingTraits (0ms)
			SetupTypeCache (699ms)
			ReleaseScriptCaches (2ms)
			RebuildScriptCaches (97ms)
			SetupLoadedEditorAssemblies (706ms)
				LogAssemblyErrors (0ms)
				InitializePlatformSupportModulesInManaged (11ms)
				SetLoadedEditorAssemblies (1ms)
				RefreshPlugins (1ms)
				BeforeProcessingInitializeOnLoad (204ms)
				ProcessInitializeOnLoadAttributes (464ms)
				ProcessInitializeOnLoadMethodAttributes (14ms)
				AfterProcessingInitializeOnLoad (10ms)
				EditorAssembliesLoaded (0ms)
			ExecutionOrderSort2 (0ms)
			AwakeInstancesAfterBackupRestoration (27ms)
Platform modules already initialized, skipping
Switching build target platform(19) subTarget(0) extendedPlatform(0) -> platform(13) subTarget(537395200) extendedPlatform(0)
Refreshing native plugins compatible for Editor in 1.01 ms, found 3 plugins.
Preloading 0 native plugins for Editor in 0.00 ms.
Unloading 2087 Unused Serialized files (Serialized files now loaded: 0)
System memory in use before: 93.3 MB.
System memory in use after: 93.3 MB.

Unloading 21 unused Assets to reduce memory usage. Loaded Objects now: 2527.
Total: 5.783725 ms (FindLiveObjects: 0.492852 ms CreateObjectMapping: 0.137063 ms MarkObjects: 4.905127 ms  DeleteObjects: 0.246221 ms)

AssetImportParameters requested are different than current active one (requested -> active):
  custom:framework-win-MediaFoundation: 216162199b28c13a410421893ffa2e32 -> 
  custom:video-decoder-ogg-theora: a1e56fd34408186e4bbccfd4996cb3dc -> 
  custom:container-muxer-webm: aa71ff27fc2769a1b78a27578f13a17b -> 
  custom:container-demuxer-webm: 4f35f7cbe854078d1ac9338744f61a02 -> 
  custom:container-demuxer-ogg: 62fdf1f143b41e24485cea50d1cbac27 -> 
  custom:video-encoder-webm-vp8: eb34c28f22e8b96e1ab97ce403110664 -> 
  custom:video-decoder-webm-vp8: 9c59270c3fd7afecdb556c50c9e8de78 -> 
  custom:graphics/normal-map-encoding: 01000000000000000000000000000000 -> 02000000000000000000000000000000
  custom:audio-decoder-ogg-vorbis: bf7c407c2cedff20999df2af8eb42d56 -> 
  custom:audio-encoder-webm-vorbis: bf7c407c2cedff20999df2af8eb42d56 -> 
========================================================================
Received Import Request.
  Time since last request: 153.199521 seconds.
  path: Assets/Scenes/3.unity
  artifactKey: Guid(8af7d54cf79a1f5469cc201c12a16b30) Importer(815301076,1909f56bfc062723c751e8b465ee728b)
Start importing Assets/Scenes/3.unity using Guid(8af7d54cf79a1f5469cc201c12a16b30) Importer(815301076,1909f56bfc062723c751e8b465ee728b)  -> (artifact id: 'a7c7877a84bde629003026f11e32acaf') in 0.073861 seconds 
  Import took 0.096189 seconds .

========================================================================
Received Import Request.
  Time since last request: 113.849662 seconds.
  path: Assets/Scenes/2.unity
  artifactKey: Guid(54557c4b0847cfb49a5fc7cbb6b9ad48) Importer(815301076,1909f56bfc062723c751e8b465ee728b)
Start importing Assets/Scenes/2.unity using Guid(54557c4b0847cfb49a5fc7cbb6b9ad48) Importer(815301076,1909f56bfc062723c751e8b465ee728b)  -> (artifact id: 'a41e6c8aeab36f8202451f8831c9ba1d') in 0.022942 seconds 
  Import took 0.032226 seconds .

========================================================================
Received Import Request.
  Time since last request: 15.528531 seconds.
  path: Assets/Scenes/3.unity
  artifactKey: Guid(8af7d54cf79a1f5469cc201c12a16b30) Importer(815301076,1909f56bfc062723c751e8b465ee728b)
Start importing Assets/Scenes/3.unity using Guid(8af7d54cf79a1f5469cc201c12a16b30) Importer(815301076,1909f56bfc062723c751e8b465ee728b)  -> (artifact id: 'b0e71214cbd42f48202d6da946b305c0') in 0.018659 seconds 
  Import took 0.029357 seconds .

========================================================================
Received Import Request.
  Time since last request: 1.175569 seconds.
  path: Assets/Scenes/3 1.unity
  artifactKey: Guid(ae7bf86203f9e0946ae6c321442808cb) Importer(815301076,1909f56bfc062723c751e8b465ee728b)
Start importing Assets/Scenes/3 1.unity using Guid(ae7bf86203f9e0946ae6c321442808cb) Importer(815301076,1909f56bfc062723c751e8b465ee728b)  -> (artifact id: '48aafebb8bf7e32aa03228eb8ecb96ba') in 0.065224 seconds 
  Import took 0.073190 seconds .

========================================================================
Received Import Request.
  Time since last request: 4.148247 seconds.
  path: Assets/Scenes/4.unity
  artifactKey: Guid(ae7bf86203f9e0946ae6c321442808cb) Importer(815301076,1909f56bfc062723c751e8b465ee728b)
Start importing Assets/Scenes/4.unity using Guid(ae7bf86203f9e0946ae6c321442808cb) Importer(815301076,1909f56bfc062723c751e8b465ee728b)  -> (artifact id: '0a83d255685e6024977f29967624c2a3') in 0.046936 seconds 
  Import took 0.063061 seconds .

========================================================================
Received Import Request.
  Time since last request: 10.923841 seconds.
  path: Assets/Scenes/4.unity
  artifactKey: Guid(ae7bf86203f9e0946ae6c321442808cb) Importer(815301076,1909f56bfc062723c751e8b465ee728b)
Start importing Assets/Scenes/4.unity using Guid(ae7bf86203f9e0946ae6c321442808cb) Importer(815301076,1909f56bfc062723c751e8b465ee728b)  -> (artifact id: '6781d423a30cc8e7a65b858b6b269e2c') in 0.019991 seconds 
  Import took 0.030227 seconds .

========================================================================
Received Import Request.
  Time since last request: 27.618228 seconds.
  path: Assets/Scenes/4.unity
  artifactKey: Guid(ae7bf86203f9e0946ae6c321442808cb) Importer(815301076,1909f56bfc062723c751e8b465ee728b)
Start importing Assets/Scenes/4.unity using Guid(ae7bf86203f9e0946ae6c321442808cb) Importer(815301076,1909f56bfc062723c751e8b465ee728b)  -> (artifact id: '66fbe61c19638568607db8299818e4ab') in 0.020264 seconds 
  Import took 0.033081 seconds .

========================================================================
Received Import Request.
  Time since last request: 1.232561 seconds.
  path: Assets/Scenes/4 1.unity
  artifactKey: Guid(53afd3c9f2cb4584089fd3e9dc8280b2) Importer(815301076,1909f56bfc062723c751e8b465ee728b)
Start importing Assets/Scenes/4 1.unity using Guid(53afd3c9f2cb4584089fd3e9dc8280b2) Importer(815301076,1909f56bfc062723c751e8b465ee728b)  -> (artifact id: 'ebf30e29abfb2e7e7268bbf29ee436df') in 0.062216 seconds 
  Import took 0.074852 seconds .

========================================================================
Received Import Request.
  Time since last request: 2.428206 seconds.
  path: Assets/Scenes/5.unity
  artifactKey: Guid(53afd3c9f2cb4584089fd3e9dc8280b2) Importer(815301076,1909f56bfc062723c751e8b465ee728b)
Start importing Assets/Scenes/5.unity using Guid(53afd3c9f2cb4584089fd3e9dc8280b2) Importer(815301076,1909f56bfc062723c751e8b465ee728b)  -> (artifact id: '883b79fd382c82559230b183b9c5f42e') in 0.027374 seconds 
  Import took 0.039749 seconds .

========================================================================
Received Import Request.
  Time since last request: 23.755023 seconds.
  path: Assets/Prefabs/Vaccine.prefab
  artifactKey: Guid(52e8ef981b29e764aba328c406b1068c) Importer(815301076,1909f56bfc062723c751e8b465ee728b)
Start importing Assets/Prefabs/Vaccine.prefab using Guid(52e8ef981b29e764aba328c406b1068c) Importer(815301076,1909f56bfc062723c751e8b465ee728b)  -> (artifact id: '208dc33b9db484c3ce4899577b7fe2f5') in 0.697254 seconds 
  Import took 0.706253 seconds .

========================================================================
Received Import Request.
  Time since last request: 258.292333 seconds.
  path: Assets/Prefabs/levelVaccine.prefab
  artifactKey: Guid(0508636c3e2294341afed7df5b701851) Importer(815301076,1909f56bfc062723c751e8b465ee728b)
Start importing Assets/Prefabs/levelVaccine.prefab using Guid(0508636c3e2294341afed7df5b701851) Importer(815301076,1909f56bfc062723c751e8b465ee728b)  -> (artifact id: 'f038b500ddf97aaa93f3a828fdf33b5b') in 0.124671 seconds 
  Import took 0.143738 seconds .

========================================================================
Received Import Request.
  Time since last request: 0.006800 seconds.
  path: Assets/Prefabs/levelVaccine.prefab
  artifactKey: Guid(0508636c3e2294341afed7df5b701851) Importer(815301076,1909f56bfc062723c751e8b465ee728b)
Start importing Assets/Prefabs/levelVaccine.prefab using Guid(0508636c3e2294341afed7df5b701851) Importer(815301076,1909f56bfc062723c751e8b465ee728b)  -> (artifact id: 'f038b500ddf97aaa93f3a828fdf33b5b') in 0.086743 seconds 
  Import took 0.103344 seconds .

========================================================================
Received Import Request.
  Time since last request: 39.556928 seconds.
  path: Assets/Prefabs/levelVaccine.prefab
  artifactKey: Guid(0508636c3e2294341afed7df5b701851) Importer(815301076,1909f56bfc062723c751e8b465ee728b)
Start importing Assets/Prefabs/levelVaccine.prefab using Guid(0508636c3e2294341afed7df5b701851) Importer(815301076,1909f56bfc062723c751e8b465ee728b)  -> (artifact id: '18830a8514988e4334be5a8fff523d32') in 0.115472 seconds 
  Import took 0.140630 seconds .

========================================================================
Received Import Request.
  Time since last request: 11.596134 seconds.
  path: Assets/Prefabs/levelVaccine.prefab
  artifactKey: Guid(0508636c3e2294341afed7df5b701851) Importer(815301076,1909f56bfc062723c751e8b465ee728b)
Start importing Assets/Prefabs/levelVaccine.prefab using Guid(0508636c3e2294341afed7df5b701851) Importer(815301076,1909f56bfc062723c751e8b465ee728b)  -> (artifact id: '00dba2292f0a8f1c44fc27463806687f') in 0.130354 seconds 
  Import took 0.151306 seconds .

========================================================================
Received Import Request.
  Time since last request: 2.507216 seconds.
  path: Assets/Prefabs/levelVaccine.prefab
  artifactKey: Guid(0508636c3e2294341afed7df5b701851) Importer(815301076,1909f56bfc062723c751e8b465ee728b)
Start importing Assets/Prefabs/levelVaccine.prefab using Guid(0508636c3e2294341afed7df5b701851) Importer(815301076,1909f56bfc062723c751e8b465ee728b)  -> (artifact id: '9be91c9d7785b1b39fd02c20e7af2d05') in 0.076853 seconds 
  Import took 0.090372 seconds .

========================================================================
Received Import Request.
  Time since last request: 2.860113 seconds.
  path: Assets/Prefabs/levelVaccine.prefab
  artifactKey: Guid(0508636c3e2294341afed7df5b701851) Importer(815301076,1909f56bfc062723c751e8b465ee728b)
Start importing Assets/Prefabs/levelVaccine.prefab using Guid(0508636c3e2294341afed7df5b701851) Importer(815301076,1909f56bfc062723c751e8b465ee728b)  -> (artifact id: '6027285eadca0758c1c908ad0d2dd809') in 0.146511 seconds 
  Import took 0.173008 seconds .

========================================================================
Received Import Request.
  Time since last request: 2.214730 seconds.
  path: Assets/Prefabs/levelVaccine.prefab
  artifactKey: Guid(0508636c3e2294341afed7df5b701851) Importer(815301076,1909f56bfc062723c751e8b465ee728b)
Start importing Assets/Prefabs/levelVaccine.prefab using Guid(0508636c3e2294341afed7df5b701851) Importer(815301076,1909f56bfc062723c751e8b465ee728b)  -> (artifact id: '9530fa1881c7d8271d6bf5d1c1ef15a3') in 0.072176 seconds 
  Import took 0.086632 seconds .

========================================================================
Received Import Request.
  Time since last request: 121.201908 seconds.
  path: Assets/Prefabs/levelVaccine.prefab
  artifactKey: Guid(0508636c3e2294341afed7df5b701851) Importer(815301076,1909f56bfc062723c751e8b465ee728b)
Start importing Assets/Prefabs/levelVaccine.prefab using Guid(0508636c3e2294341afed7df5b701851) Importer(815301076,1909f56bfc062723c751e8b465ee728b)  -> (artifact id: 'c6f93294870001d724ac6c789cd843f8') in 0.094004 seconds 
  Import took 0.101131 seconds .

========================================================================
Received Prepare
Registering precompiled user dll's ...
Registered in 0.009288 seconds.
Begin MonoManager ReloadAssembly
Native extension for WindowsStandalone target not found
Refreshing native plugins compatible for Editor in 1.11 ms, found 3 plugins.
Preloading 0 native plugins for Editor in 0.00 ms.
Mono: successfully reloaded assembly
- Completed reload, in  2.695 seconds
Domain Reload Profiling:
	ReloadAssembly (2696ms)
		BeginReloadAssembly (249ms)
			ExecutionOrderSort (0ms)
			DisableScriptedObjects (16ms)
			BackupInstance (0ms)
			ReleaseScriptingObjects (0ms)
			CreateAndSetChildDomain (88ms)
		EndReloadAssembly (2293ms)
			LoadAssemblies (243ms)
			RebuildTransferFunctionScriptingTraits (0ms)
			SetupTypeCache (754ms)
			ReleaseScriptCaches (2ms)
			RebuildScriptCaches (102ms)
			SetupLoadedEditorAssemblies (886ms)
				LogAssemblyErrors (0ms)
				InitializePlatformSupportModulesInManaged (13ms)
				SetLoadedEditorAssemblies (1ms)
				RefreshPlugins (1ms)
				BeforeProcessingInitializeOnLoad (249ms)
				ProcessInitializeOnLoadAttributes (588ms)
				ProcessInitializeOnLoadMethodAttributes (19ms)
				AfterProcessingInitializeOnLoad (13ms)
				EditorAssembliesLoaded (1ms)
			ExecutionOrderSort2 (0ms)
			AwakeInstancesAfterBackupRestoration (34ms)
Platform modules already initialized, skipping
Switching build target platform(19) subTarget(0) extendedPlatform(0) -> platform(13) subTarget(537395200) extendedPlatform(0)
Refreshing native plugins compatible for Editor in 1.08 ms, found 3 plugins.
Preloading 0 native plugins for Editor in 0.00 ms.
Unloading 2087 Unused Serialized files (Serialized files now loaded: 0)
System memory in use before: 96.4 MB.
System memory in use after: 96.4 MB.

Unloading 21 unused Assets to reduce memory usage. Loaded Objects now: 2538.
Total: 6.235540 ms (FindLiveObjects: 0.528554 ms CreateObjectMapping: 0.166199 ms MarkObjects: 5.273227 ms  DeleteObjects: 0.263046 ms)

AssetImportParameters requested are different than current active one (requested -> active):
  custom:framework-win-MediaFoundation: 216162199b28c13a410421893ffa2e32 -> 
  custom:video-decoder-ogg-theora: a1e56fd34408186e4bbccfd4996cb3dc -> 
  custom:container-muxer-webm: aa71ff27fc2769a1b78a27578f13a17b -> 
  custom:container-demuxer-webm: 4f35f7cbe854078d1ac9338744f61a02 -> 
  custom:container-demuxer-ogg: 62fdf1f143b41e24485cea50d1cbac27 -> 
  custom:video-encoder-webm-vp8: eb34c28f22e8b96e1ab97ce403110664 -> 
  custom:video-decoder-webm-vp8: 9c59270c3fd7afecdb556c50c9e8de78 -> 
  custom:graphics/normal-map-encoding: 01000000000000000000000000000000 -> 02000000000000000000000000000000
  custom:audio-decoder-ogg-vorbis: bf7c407c2cedff20999df2af8eb42d56 -> 
  custom:audio-encoder-webm-vorbis: bf7c407c2cedff20999df2af8eb42d56 -> 
========================================================================
Received Import Request.
  Time since last request: 64.021082 seconds.
  path: Assets/Scenes/1.unity
  artifactKey: Guid(2cda990e2423bbf4892e6590ba056729) Importer(815301076,1909f56bfc062723c751e8b465ee728b)
Start importing Assets/Scenes/1.unity using Guid(2cda990e2423bbf4892e6590ba056729) Importer(815301076,1909f56bfc062723c751e8b465ee728b)  -> (artifact id: '9d0fdc5602812f86276e73d1b1978908') in 0.177408 seconds 
  Import took 0.187939 seconds .

========================================================================
Received Import Request.
  Time since last request: 15.674915 seconds.
  path: Assets/Scenes/2.unity
  artifactKey: Guid(54557c4b0847cfb49a5fc7cbb6b9ad48) Importer(815301076,1909f56bfc062723c751e8b465ee728b)
Start importing Assets/Scenes/2.unity using Guid(54557c4b0847cfb49a5fc7cbb6b9ad48) Importer(815301076,1909f56bfc062723c751e8b465ee728b)  -> (artifact id: '341990e801877495c2372f7d421eba0e') in 0.068677 seconds 
  Import took 0.084251 seconds .

========================================================================
Received Import Request.
  Time since last request: 10.707718 seconds.
  path: Assets/Scenes/5.unity
  artifactKey: Guid(53afd3c9f2cb4584089fd3e9dc8280b2) Importer(815301076,1909f56bfc062723c751e8b465ee728b)
Start importing Assets/Scenes/5.unity using Guid(53afd3c9f2cb4584089fd3e9dc8280b2) Importer(815301076,1909f56bfc062723c751e8b465ee728b)  -> (artifact id: '1adb837bbc324bae938e9e6f94f9a31d') in 0.016884 seconds 
  Import took 0.027731 seconds .

========================================================================
Received Import Request.
  Time since last request: 15.924952 seconds.
  path: Assets/Scenes/3.unity
  artifactKey: Guid(8af7d54cf79a1f5469cc201c12a16b30) Importer(815301076,1909f56bfc062723c751e8b465ee728b)
Start importing Assets/Scenes/3.unity using Guid(8af7d54cf79a1f5469cc201c12a16b30) Importer(815301076,1909f56bfc062723c751e8b465ee728b)  -> (artifact id: '13e485c6426e2aead8d87e25db3c5b0d') in 0.030553 seconds 
  Import took 0.046654 seconds .

========================================================================
Received Import Request.
  Time since last request: 2.869496 seconds.
  path: Assets/Scenes/2.unity
  artifactKey: Guid(54557c4b0847cfb49a5fc7cbb6b9ad48) Importer(815301076,1909f56bfc062723c751e8b465ee728b)
Start importing Assets/Scenes/2.unity using Guid(54557c4b0847cfb49a5fc7cbb6b9ad48) Importer(815301076,1909f56bfc062723c751e8b465ee728b)  -> (artifact id: 'f33a474ffe5f661ea4563f5fa3dd0017') in 0.025871 seconds 
  Import took 0.040204 seconds .

========================================================================
Received Import Request.
  Time since last request: 7.098604 seconds.
  path: Assets/Scenes/5.unity
  artifactKey: Guid(53afd3c9f2cb4584089fd3e9dc8280b2) Importer(815301076,1909f56bfc062723c751e8b465ee728b)
Start importing Assets/Scenes/5.unity using Guid(53afd3c9f2cb4584089fd3e9dc8280b2) Importer(815301076,1909f56bfc062723c751e8b465ee728b)  -> (artifact id: '370da0c655f6ade51eab58b5156afeb9') in 0.029137 seconds 
  Import took 0.041919 seconds .

========================================================================
Received Import Request.
  Time since last request: 4.092355 seconds.
  path: Assets/Scenes/5 1.unity
  artifactKey: Guid(5c63f69c642829c44a34785e1417e759) Importer(815301076,1909f56bfc062723c751e8b465ee728b)
Start importing Assets/Scenes/5 1.unity using Guid(5c63f69c642829c44a34785e1417e759) Importer(815301076,1909f56bfc062723c751e8b465ee728b)  -> (artifact id: '75108d96387cbc7bdd0673c22d60eba0') in 0.055957 seconds 
  Import took 0.076456 seconds .

========================================================================
Received Import Request.
  Time since last request: 2.372591 seconds.
  path: Assets/Scenes/6.unity
  artifactKey: Guid(5c63f69c642829c44a34785e1417e759) Importer(815301076,1909f56bfc062723c751e8b465ee728b)
Start importing Assets/Scenes/6.unity using Guid(5c63f69c642829c44a34785e1417e759) Importer(815301076,1909f56bfc062723c751e8b465ee728b)  -> (artifact id: 'd97a6ae70f338746ecc25a317fef4a07') in 0.041989 seconds 
  Import took 0.059822 seconds .

========================================================================
Received Import Request.
  Time since last request: 31.350789 seconds.
  path: Assets/Scenes/5.unity
  artifactKey: Guid(53afd3c9f2cb4584089fd3e9dc8280b2) Importer(815301076,1909f56bfc062723c751e8b465ee728b)
Start importing Assets/Scenes/5.unity using Guid(53afd3c9f2cb4584089fd3e9dc8280b2) Importer(815301076,1909f56bfc062723c751e8b465ee728b)  -> (artifact id: '99cac030feaf044b8516e0021b4544f7') in 0.042542 seconds 
  Import took 0.055966 seconds .

========================================================================
Received Import Request.
  Time since last request: 17.325893 seconds.
  path: Assets/Scenes/6.unity
  artifactKey: Guid(5c63f69c642829c44a34785e1417e759) Importer(815301076,1909f56bfc062723c751e8b465ee728b)
Start importing Assets/Scenes/6.unity using Guid(5c63f69c642829c44a34785e1417e759) Importer(815301076,1909f56bfc062723c751e8b465ee728b)  -> (artifact id: 'd09d3099bdcd638f9a0319b53a6d4149') in 0.016721 seconds 
  Import took 0.029006 seconds .

========================================================================
Received Import Request.
  Time since last request: 6.352462 seconds.
  path: Assets/Scenes/8.unity
  artifactKey: Guid(53afd3c9f2cb4584089fd3e9dc8280b2) Importer(815301076,1909f56bfc062723c751e8b465ee728b)
Start importing Assets/Scenes/8.unity using Guid(53afd3c9f2cb4584089fd3e9dc8280b2) Importer(815301076,1909f56bfc062723c751e8b465ee728b)  -> (artifact id: '8069b003b1f5936d628c36125707d86b') in 0.038586 seconds 
  Import took 0.084016 seconds .

========================================================================
Received Import Request.
  Time since last request: 3.631628 seconds.
  path: Assets/Scenes/5.unity
  artifactKey: Guid(5c63f69c642829c44a34785e1417e759) Importer(815301076,1909f56bfc062723c751e8b465ee728b)
Start importing Assets/Scenes/5.unity using Guid(5c63f69c642829c44a34785e1417e759) Importer(815301076,1909f56bfc062723c751e8b465ee728b)  -> (artifact id: '3b8f471caa61332c08abcefd523bf6e7') in 0.035109 seconds 
  Import took 0.046203 seconds .

========================================================================
Received Import Request.
  Time since last request: 4.541086 seconds.
  path: Assets/Scenes/6.unity
  artifactKey: Guid(53afd3c9f2cb4584089fd3e9dc8280b2) Importer(815301076,1909f56bfc062723c751e8b465ee728b)
Start importing Assets/Scenes/6.unity using Guid(53afd3c9f2cb4584089fd3e9dc8280b2) Importer(815301076,1909f56bfc062723c751e8b465ee728b)  -> (artifact id: '5c29365bb06cb07d881eabfe9e50dcfd') in 0.027830 seconds 
  Import took 0.050601 seconds .

========================================================================
Received Import Request.
  Time since last request: 4.605888 seconds.
  path: Assets/Scenes/6 1.unity
  artifactKey: Guid(a24c8dfb925f3e643a5c9b9c81f037b7) Importer(815301076,1909f56bfc062723c751e8b465ee728b)
Start importing Assets/Scenes/6 1.unity using Guid(a24c8dfb925f3e643a5c9b9c81f037b7) Importer(815301076,1909f56bfc062723c751e8b465ee728b)  -> (artifact id: 'e3da7f48de1b3735e18541ee88bcba5b') in 0.042541 seconds 
  Import took 0.050564 seconds .

========================================================================
Received Import Request.
  Time since last request: 2.151808 seconds.
  path: Assets/Scenes/7.unity
  artifactKey: Guid(a24c8dfb925f3e643a5c9b9c81f037b7) Importer(815301076,1909f56bfc062723c751e8b465ee728b)
Start importing Assets/Scenes/7.unity using Guid(a24c8dfb925f3e643a5c9b9c81f037b7) Importer(815301076,1909f56bfc062723c751e8b465ee728b)  -> (artifact id: 'c6e9955455b4426eabe2f910d0ccb6d4') in 0.087928 seconds 
  Import took 0.125154 seconds .

========================================================================
Received Import Request.
  Time since last request: 15.735282 seconds.
  path: Assets/Scenes/7.unity
  artifactKey: Guid(a24c8dfb925f3e643a5c9b9c81f037b7) Importer(815301076,1909f56bfc062723c751e8b465ee728b)
Start importing Assets/Scenes/7.unity using Guid(a24c8dfb925f3e643a5c9b9c81f037b7) Importer(815301076,1909f56bfc062723c751e8b465ee728b)  -> (artifact id: 'f998f76728f9cdb743ff3aa55f4657ba') in 0.019466 seconds 
  Import took 0.033965 seconds .

========================================================================
Received Import Request.
  Time since last request: 1.163093 seconds.
  path: Assets/Scenes/4.unity
  artifactKey: Guid(ae7bf86203f9e0946ae6c321442808cb) Importer(815301076,1909f56bfc062723c751e8b465ee728b)
Start importing Assets/Scenes/4.unity using Guid(ae7bf86203f9e0946ae6c321442808cb) Importer(815301076,1909f56bfc062723c751e8b465ee728b)  -> (artifact id: 'e961d45370606e1f8cc9a9493385858b') in 0.019152 seconds 
  Import took 0.029426 seconds .

========================================================================
Received Import Request.
  Time since last request: 11.524718 seconds.
  path: Assets/Scenes/6.unity
  artifactKey: Guid(53afd3c9f2cb4584089fd3e9dc8280b2) Importer(815301076,1909f56bfc062723c751e8b465ee728b)
Start importing Assets/Scenes/6.unity using Guid(53afd3c9f2cb4584089fd3e9dc8280b2) Importer(815301076,1909f56bfc062723c751e8b465ee728b)  -> (artifact id: '50bc20a8152e3111f6dd87769fc51c1a') in 0.020007 seconds 
  Import took 0.030264 seconds .

========================================================================
Received Import Request.
  Time since last request: 7.302624 seconds.
  path: Assets/Scenes/6.unity
  artifactKey: Guid(53afd3c9f2cb4584089fd3e9dc8280b2) Importer(815301076,1909f56bfc062723c751e8b465ee728b)
Start importing Assets/Scenes/6.unity using Guid(53afd3c9f2cb4584089fd3e9dc8280b2) Importer(815301076,1909f56bfc062723c751e8b465ee728b)  -> (artifact id: '5f44fe8a2035189f224cdf35b68eb610') in 0.018842 seconds 
  Import took 0.035762 seconds .

========================================================================
Received Import Request.
  Time since last request: 5.562093 seconds.
  path: Assets/Scenes/2.unity
  artifactKey: Guid(54557c4b0847cfb49a5fc7cbb6b9ad48) Importer(815301076,1909f56bfc062723c751e8b465ee728b)
Start importing Assets/Scenes/2.unity using Guid(54557c4b0847cfb49a5fc7cbb6b9ad48) Importer(815301076,1909f56bfc062723c751e8b465ee728b)  -> (artifact id: '182d2ff4df0f46471ad2feef00023014') in 0.027122 seconds 
  Import took 0.043137 seconds .

========================================================================
Received Import Request.
  Time since last request: 2.048411 seconds.
  path: Assets/Scenes/1.unity
  artifactKey: Guid(2cda990e2423bbf4892e6590ba056729) Importer(815301076,1909f56bfc062723c751e8b465ee728b)
Start importing Assets/Scenes/1.unity using Guid(2cda990e2423bbf4892e6590ba056729) Importer(815301076,1909f56bfc062723c751e8b465ee728b)  -> (artifact id: '3d7615c54d019bce3559a99accd63e59') in 0.047202 seconds 
  Import took 0.057488 seconds .

========================================================================
Received Import Request.
  Time since last request: 13.779214 seconds.
  path: Assets/Scenes/7 1.unity
  artifactKey: Guid(790ebce66e9bd1140b0625f0ec82f955) Importer(815301076,1909f56bfc062723c751e8b465ee728b)
Start importing Assets/Scenes/7 1.unity using Guid(790ebce66e9bd1140b0625f0ec82f955) Importer(815301076,1909f56bfc062723c751e8b465ee728b)  -> (artifact id: 'f13a983174e4f1c6f7e27804aef3502a') in 0.059377 seconds 
  Import took 0.069291 seconds .

========================================================================
Received Import Request.
  Time since last request: 4.000455 seconds.
  path: Assets/Scenes/8.unity
  artifactKey: Guid(790ebce66e9bd1140b0625f0ec82f955) Importer(815301076,1909f56bfc062723c751e8b465ee728b)
Start importing Assets/Scenes/8.unity using Guid(790ebce66e9bd1140b0625f0ec82f955) Importer(815301076,1909f56bfc062723c751e8b465ee728b)  -> (artifact id: '9c935f4d0a6024bf4399ca82ae63b414') in 0.030904 seconds 
  Import took 0.039130 seconds .

========================================================================
Received Import Request.
  Time since last request: 9.640816 seconds.
  path: Assets/Scenes/8.unity
  artifactKey: Guid(790ebce66e9bd1140b0625f0ec82f955) Importer(815301076,1909f56bfc062723c751e8b465ee728b)
Start importing Assets/Scenes/8.unity using Guid(790ebce66e9bd1140b0625f0ec82f955) Importer(815301076,1909f56bfc062723c751e8b465ee728b)  -> (artifact id: '7d49297e7fcf9ef02a8c50534f960fc3') in 0.023750 seconds 
  Import took 0.034671 seconds .

========================================================================
Received Prepare
Registering precompiled user dll's ...
Registered in 0.021796 seconds.
Begin MonoManager ReloadAssembly
Native extension for WindowsStandalone target not found
Refreshing native plugins compatible for Editor in 1.27 ms, found 3 plugins.
Preloading 0 native plugins for Editor in 0.00 ms.
Mono: successfully reloaded assembly
- Completed reload, in  3.777 seconds
Domain Reload Profiling:
	ReloadAssembly (3778ms)
		BeginReloadAssembly (761ms)
			ExecutionOrderSort (0ms)
			DisableScriptedObjects (25ms)
			BackupInstance (0ms)
			ReleaseScriptingObjects (0ms)
			CreateAndSetChildDomain (399ms)
		EndReloadAssembly (2767ms)
			LoadAssemblies (423ms)
			RebuildTransferFunctionScriptingTraits (0ms)
			SetupTypeCache (1057ms)
			ReleaseScriptCaches (2ms)
			RebuildScriptCaches (128ms)
			SetupLoadedEditorAssemblies (912ms)
				LogAssemblyErrors (0ms)
				InitializePlatformSupportModulesInManaged (14ms)
				SetLoadedEditorAssemblies (1ms)
				RefreshPlugins (1ms)
				BeforeProcessingInitializeOnLoad (256ms)
				ProcessInitializeOnLoadAttributes (607ms)
				ProcessInitializeOnLoadMethodAttributes (18ms)
				AfterProcessingInitializeOnLoad (13ms)
				EditorAssembliesLoaded (1ms)
			ExecutionOrderSort2 (0ms)
			AwakeInstancesAfterBackupRestoration (34ms)
Platform modules already initialized, skipping
Switching build target platform(19) subTarget(0) extendedPlatform(0) -> platform(13) subTarget(537395200) extendedPlatform(0)
Refreshing native plugins compatible for Editor in 1.14 ms, found 3 plugins.
Preloading 0 native plugins for Editor in 0.00 ms.
Unloading 2087 Unused Serialized files (Serialized files now loaded: 0)
System memory in use before: 96.5 MB.
System memory in use after: 96.5 MB.

Unloading 21 unused Assets to reduce memory usage. Loaded Objects now: 2542.
Total: 6.148542 ms (FindLiveObjects: 0.518295 ms CreateObjectMapping: 0.163326 ms MarkObjects: 5.182536 ms  DeleteObjects: 0.281102 ms)

AssetImportParameters requested are different than current active one (requested -> active):
  custom:framework-win-MediaFoundation: 216162199b28c13a410421893ffa2e32 -> 
  custom:video-decoder-ogg-theora: a1e56fd34408186e4bbccfd4996cb3dc -> 
  custom:container-muxer-webm: aa71ff27fc2769a1b78a27578f13a17b -> 
  custom:container-demuxer-webm: 4f35f7cbe854078d1ac9338744f61a02 -> 
  custom:container-demuxer-ogg: 62fdf1f143b41e24485cea50d1cbac27 -> 
  custom:video-encoder-webm-vp8: eb34c28f22e8b96e1ab97ce403110664 -> 
  custom:video-decoder-webm-vp8: 9c59270c3fd7afecdb556c50c9e8de78 -> 
  custom:graphics/normal-map-encoding: 01000000000000000000000000000000 -> 02000000000000000000000000000000
  custom:audio-decoder-ogg-vorbis: bf7c407c2cedff20999df2af8eb42d56 -> 
  custom:audio-encoder-webm-vorbis: bf7c407c2cedff20999df2af8eb42d56 -> 
========================================================================
Received Import Request.
  Time since last request: 233.759803 seconds.
  path: Assets/Scenes/Levels.unity
  artifactKey: Guid(fcaf5fa78743fd8489e844fba8d43bbf) Importer(815301076,1909f56bfc062723c751e8b465ee728b)
Start importing Assets/Scenes/Levels.unity using Guid(fcaf5fa78743fd8489e844fba8d43bbf) Importer(815301076,1909f56bfc062723c751e8b465ee728b)  -> (artifact id: 'e77fecedb05f022ca6fd7deefcd7a019') in 0.210430 seconds 
  Import took 0.227737 seconds .

========================================================================
Received Import Request.
  Time since last request: 105.709016 seconds.
  path: Assets/Scenes/8 1.unity
  artifactKey: Guid(cce0433c5975dac44847d3686a6f9099) Importer(815301076,1909f56bfc062723c751e8b465ee728b)
Start importing Assets/Scenes/8 1.unity using Guid(cce0433c5975dac44847d3686a6f9099) Importer(815301076,1909f56bfc062723c751e8b465ee728b)  -> (artifact id: '3585df6462d3cc367be941da6452806d') in 0.059770 seconds 
  Import took 0.078820 seconds .

========================================================================
Received Import Request.
  Time since last request: 2.474586 seconds.
  path: Assets/Scenes/9.unity
  artifactKey: Guid(cce0433c5975dac44847d3686a6f9099) Importer(815301076,1909f56bfc062723c751e8b465ee728b)
Start importing Assets/Scenes/9.unity using Guid(cce0433c5975dac44847d3686a6f9099) Importer(815301076,1909f56bfc062723c751e8b465ee728b)  -> (artifact id: '52970b4003456d4b9b1802ecdb52650f') in 0.045255 seconds 
  Import took 0.061726 seconds .

========================================================================
Received Import Request.
  Time since last request: 62.846207 seconds.
  path: Assets/Scenes/9.unity
  artifactKey: Guid(cce0433c5975dac44847d3686a6f9099) Importer(815301076,1909f56bfc062723c751e8b465ee728b)
Start importing Assets/Scenes/9.unity using Guid(cce0433c5975dac44847d3686a6f9099) Importer(815301076,1909f56bfc062723c751e8b465ee728b)  -> (artifact id: 'dc4a67f95f39af34d068a5f8b2ef7036') in 0.018500 seconds 
  Import took 0.029785 seconds .

========================================================================
Received Import Request.
  Time since last request: 65.854504 seconds.
  path: Assets/Scenes/9.unity
  artifactKey: Guid(cce0433c5975dac44847d3686a6f9099) Importer(815301076,1909f56bfc062723c751e8b465ee728b)
Start importing Assets/Scenes/9.unity using Guid(cce0433c5975dac44847d3686a6f9099) Importer(815301076,1909f56bfc062723c751e8b465ee728b)  -> (artifact id: '5c8c47b586d98c9bc5e5768e75e8f2bf') in 0.033304 seconds 
  Import took 0.056458 seconds .

========================================================================
Received Import Request.
  Time since last request: 0.798657 seconds.
  path: Assets/Scenes/9 1.unity
  artifactKey: Guid(fa63950d26b12834d862b0fa3498f559) Importer(815301076,1909f56bfc062723c751e8b465ee728b)
Start importing Assets/Scenes/9 1.unity using Guid(fa63950d26b12834d862b0fa3498f559) Importer(815301076,1909f56bfc062723c751e8b465ee728b)  -> (artifact id: '79ec09dfe62a93c986e7cbb4c1c75416') in 0.058855 seconds 
  Import took 0.069316 seconds .

========================================================================
Received Import Request.
  Time since last request: 2.836628 seconds.
  path: Assets/Scenes/10.unity
  artifactKey: Guid(fa63950d26b12834d862b0fa3498f559) Importer(815301076,1909f56bfc062723c751e8b465ee728b)
Start importing Assets/Scenes/10.unity using Guid(fa63950d26b12834d862b0fa3498f559) Importer(815301076,1909f56bfc062723c751e8b465ee728b)  -> (artifact id: '60a4a62717a2652865b8b206c5024931') in 0.045857 seconds 
  Import took 0.063900 seconds .

========================================================================
Received Prepare
Registering precompiled user dll's ...
Registered in 0.018421 seconds.
Begin MonoManager ReloadAssembly
Native extension for WindowsStandalone target not found
Refreshing native plugins compatible for Editor in 1.01 ms, found 3 plugins.
Preloading 0 native plugins for Editor in 0.00 ms.
Mono: successfully reloaded assembly
- Completed reload, in  3.116 seconds
Domain Reload Profiling:
	ReloadAssembly (3116ms)
		BeginReloadAssembly (253ms)
			ExecutionOrderSort (0ms)
			DisableScriptedObjects (17ms)
			BackupInstance (0ms)
			ReleaseScriptingObjects (0ms)
			CreateAndSetChildDomain (82ms)
		EndReloadAssembly (2682ms)
			LoadAssemblies (257ms)
			RebuildTransferFunctionScriptingTraits (0ms)
			SetupTypeCache (1115ms)
			ReleaseScriptCaches (3ms)
			RebuildScriptCaches (213ms)
			SetupLoadedEditorAssemblies (704ms)
				LogAssemblyErrors (0ms)
				InitializePlatformSupportModulesInManaged (11ms)
				SetLoadedEditorAssemblies (1ms)
				RefreshPlugins (1ms)
				BeforeProcessingInitializeOnLoad (200ms)
				ProcessInitializeOnLoadAttributes (463ms)
				ProcessInitializeOnLoadMethodAttributes (13ms)
				AfterProcessingInitializeOnLoad (13ms)
				EditorAssembliesLoaded (0ms)
			ExecutionOrderSort2 (0ms)
			AwakeInstancesAfterBackupRestoration (25ms)
Platform modules already initialized, skipping
Switching build target platform(19) subTarget(0) extendedPlatform(0) -> platform(13) subTarget(537395200) extendedPlatform(0)
Refreshing native plugins compatible for Editor in 1.04 ms, found 3 plugins.
Preloading 0 native plugins for Editor in 0.00 ms.
Unloading 2087 Unused Serialized files (Serialized files now loaded: 0)
System memory in use before: 96.6 MB.
System memory in use after: 96.6 MB.

Unloading 21 unused Assets to reduce memory usage. Loaded Objects now: 2546.
Total: 5.787008 ms (FindLiveObjects: 0.562204 ms CreateObjectMapping: 0.196566 ms MarkObjects: 4.756984 ms  DeleteObjects: 0.267970 ms)

AssetImportParameters requested are different than current active one (requested -> active):
  custom:framework-win-MediaFoundation: 216162199b28c13a410421893ffa2e32 -> 
  custom:video-decoder-ogg-theora: a1e56fd34408186e4bbccfd4996cb3dc -> 
  custom:container-muxer-webm: aa71ff27fc2769a1b78a27578f13a17b -> 
  custom:container-demuxer-webm: 4f35f7cbe854078d1ac9338744f61a02 -> 
  custom:container-demuxer-ogg: 62fdf1f143b41e24485cea50d1cbac27 -> 
  custom:video-encoder-webm-vp8: eb34c28f22e8b96e1ab97ce403110664 -> 
  custom:video-decoder-webm-vp8: 9c59270c3fd7afecdb556c50c9e8de78 -> 
  custom:graphics/normal-map-encoding: 01000000000000000000000000000000 -> 02000000000000000000000000000000
  custom:audio-decoder-ogg-vorbis: bf7c407c2cedff20999df2af8eb42d56 -> 
  custom:audio-encoder-webm-vorbis: bf7c407c2cedff20999df2af8eb42d56 -> 
========================================================================
Received Prepare
Registering precompiled user dll's ...
Registered in 0.035823 seconds.
Begin MonoManager ReloadAssembly
Native extension for WindowsStandalone target not found
Refreshing native plugins compatible for Editor in 1.21 ms, found 3 plugins.
Preloading 0 native plugins for Editor in 0.00 ms.
Mono: successfully reloaded assembly
- Completed reload, in  3.452 seconds
Domain Reload Profiling:
	ReloadAssembly (3453ms)
		BeginReloadAssembly (338ms)
			ExecutionOrderSort (3ms)
			DisableScriptedObjects (23ms)
			BackupInstance (0ms)
			ReleaseScriptingObjects (0ms)
			CreateAndSetChildDomain (116ms)
		EndReloadAssembly (2897ms)
			LoadAssemblies (315ms)
			RebuildTransferFunctionScriptingTraits (0ms)
			SetupTypeCache (1141ms)
			ReleaseScriptCaches (2ms)
			RebuildScriptCaches (131ms)
			SetupLoadedEditorAssemblies (914ms)
				LogAssemblyErrors (0ms)
				InitializePlatformSupportModulesInManaged (13ms)
				SetLoadedEditorAssemblies (1ms)
				RefreshPlugins (1ms)
				BeforeProcessingInitializeOnLoad (265ms)
				ProcessInitializeOnLoadAttributes (601ms)
				ProcessInitializeOnLoadMethodAttributes (18ms)
				AfterProcessingInitializeOnLoad (13ms)
				EditorAssembliesLoaded (0ms)
			ExecutionOrderSort2 (0ms)
			AwakeInstancesAfterBackupRestoration (31ms)
Platform modules already initialized, skipping
Switching build target platform(19) subTarget(0) extendedPlatform(0) -> platform(13) subTarget(537395200) extendedPlatform(0)
Refreshing native plugins compatible for Editor in 1.08 ms, found 3 plugins.
Preloading 0 native plugins for Editor in 0.00 ms.
Unloading 2087 Unused Serialized files (Serialized files now loaded: 0)
System memory in use before: 96.6 MB.
System memory in use after: 96.6 MB.

Unloading 21 unused Assets to reduce memory usage. Loaded Objects now: 2550.
Total: 6.325000 ms (FindLiveObjects: 0.531426 ms CreateObjectMapping: 0.178920 ms MarkObjects: 5.334782 ms  DeleteObjects: 0.276178 ms)

AssetImportParameters requested are different than current active one (requested -> active):
  custom:framework-win-MediaFoundation: 216162199b28c13a410421893ffa2e32 -> 
  custom:video-decoder-ogg-theora: a1e56fd34408186e4bbccfd4996cb3dc -> 
  custom:container-muxer-webm: aa71ff27fc2769a1b78a27578f13a17b -> 
  custom:container-demuxer-webm: 4f35f7cbe854078d1ac9338744f61a02 -> 
  custom:container-demuxer-ogg: 62fdf1f143b41e24485cea50d1cbac27 -> 
  custom:video-encoder-webm-vp8: eb34c28f22e8b96e1ab97ce403110664 -> 
  custom:video-decoder-webm-vp8: 9c59270c3fd7afecdb556c50c9e8de78 -> 
  custom:graphics/normal-map-encoding: 01000000000000000000000000000000 -> 02000000000000000000000000000000
  custom:audio-decoder-ogg-vorbis: bf7c407c2cedff20999df2af8eb42d56 -> 
  custom:audio-encoder-webm-vorbis: bf7c407c2cedff20999df2af8eb42d56 -> 
AssetImportWorkerClient::OnTransportError - code=2 error=End of file
